{"numFailedTestSuites":0,"numFailedTests":0,"numPassedTestSuites":3,"numPassedTests":13,"numPendingTestSuites":0,"numPendingTests":0,"numRuntimeErrorTestSuites":0,"numTotalTestSuites":3,"numTotalTests":13,"snapshot":{"added":0,"didUpdate":false,"failure":false,"filesAdded":0,"filesRemoved":0,"filesUnmatched":0,"filesUpdated":0,"matched":1,"total":1,"unchecked":0,"unmatched":0,"updated":0},"startTime":1520905683607,"success":true,"testResults":[{"assertionResults":[{"failureMessages":[],"status":"passed","title":"should render a media item"},{"failureMessages":[],"status":"passed","title":"should render a title"},{"failureMessages":[],"status":"passed","title":"should render a subtitle"},{"failureMessages":[],"status":"passed","title":"should render a description"},{"failureMessages":[],"status":"passed","title":"should render a button"},{"failureMessages":[],"status":"passed","title":"should call onClick when button is clicked"},{"failureMessages":[],"status":"passed","title":"should render a custom body"},{"failureMessages":[],"status":"passed","title":"should render an empty body when no body prop"},{"failureMessages":[],"status":"passed","title":"should render a default image when image empty"},{"failureMessages":[],"status":"passed","title":"should default to an image type when type not set"}],"endTime":1520905692716,"message":"","name":"/Users/darrenbutcher/code/modern-react/photosplash/src/components/MediaCard/MediaCard.test.js","startTime":1520905683944,"status":"passed","summary":""},{"assertionResults":[{"failureMessages":[],"status":"passed","title":"should render properly"},{"failureMessages":[],"status":"passed","title":"should prevent default"}],"endTime":1520905693318,"message":"","name":"/Users/darrenbutcher/code/modern-react/photosplash/src/components/Search/Search.test.js","startTime":1520905692793,"status":"passed","summary":""},{"assertionResults":[{"failureMessages":[],"status":"passed","title":"renders without crashing"}],"endTime":1520905693773,"message":"","name":"/Users/darrenbutcher/code/modern-react/photosplash/src/App.test.js","startTime":1520905693401,"status":"passed","summary":""}],"wasInterrupted":false}