{"numFailedTestSuites":0,"numFailedTests":0,"numPassedTestSuites":1,"numPassedTests":1,"numPendingTestSuites":0,"numPendingTests":0,"numRuntimeErrorTestSuites":0,"numTotalTestSuites":1,"numTotalTests":1,"snapshot":{"added":0,"didUpdate":false,"failure":false,"filesAdded":0,"filesRemoved":0,"filesUnmatched":0,"filesUpdated":0,"matched":1,"total":1,"unchecked":0,"unmatched":0,"updated":0},"startTime":1519781368186,"success":true,"testResults":[{"assertionResults":[{"failureMessages":[],"status":"passed","title":"should render properly"}],"endTime":1519781370725,"message":"","name":"/Users/darrenbutcher/code/modern-react/photosplash/src/components/Search/Search.test.js","startTime":1519781368291,"status":"passed","summary":""}],"wasInterrupted":false}